<?xml version="1.0" encoding="UTF-8"?>
<testng-results skipped="0" failed="0" total="1" passed="1">
  <reporter-output>
  </reporter-output>
  <suite name="Default suite" duration-ms="469" started-at="2015-12-02T09:05:04Z" finished-at="2015-12-02T09:05:05Z">
    <groups>
    </groups>
    <test name="Default test" duration-ms="469" started-at="2015-12-02T09:05:04Z" finished-at="2015-12-02T09:05:05Z">
      <class name="com.biostime.sqlManage.SqlTest">
        <test-method status="PASS" signature="springTestContextBeforeTestClass()[pri:0, instance:com.biostime.sqlManage.SqlTest@2565a3c2]" name="springTestContextBeforeTestClass" is-config="true" duration-ms="7" started-at="2015-12-02T17:05:04Z" finished-at="2015-12-02T17:05:04Z">
          <reporter-output>
          </reporter-output>
        </test-method> <!-- springTestContextBeforeTestClass -->
        <test-method status="PASS" signature="springTestContextPrepareTestInstance()[pri:0, instance:com.biostime.sqlManage.SqlTest@2565a3c2]" name="springTestContextPrepareTestInstance" is-config="true" duration-ms="316" started-at="2015-12-02T17:05:04Z" depends-on-methods="org.springframework.test.context.testng.AbstractTestNGSpringContextTests.springTestContextBeforeTestClass" finished-at="2015-12-02T17:05:05Z">
          <reporter-output>
          </reporter-output>
        </test-method> <!-- springTestContextPrepareTestInstance -->
        <test-method status="PASS" signature="springTestContextBeforeTestMethod(java.lang.reflect.Method)[pri:0, instance:com.biostime.sqlManage.SqlTest@2565a3c2]" name="springTestContextBeforeTestMethod" is-config="true" duration-ms="1" started-at="2015-12-02T17:05:05Z" finished-at="2015-12-02T17:05:05Z">
          <params>
            <param index="0">
              <value>
                <![CDATA[public void com.biostime.sqlManage.SqlTest.test()]]>
              </value>
            </param>
          </params>
          <reporter-output>
          </reporter-output>
        </test-method> <!-- springTestContextBeforeTestMethod -->
        <test-method status="PASS" signature="test()[pri:0, instance:com.biostime.sqlManage.SqlTest@2565a3c2]" name="test" duration-ms="130" started-at="2015-12-02T17:05:05Z" finished-at="2015-12-02T17:05:05Z">
          <reporter-output>
          </reporter-output>
        </test-method> <!-- test -->
        <test-method status="PASS" signature="springTestContextAfterTestMethod(java.lang.reflect.Method)[pri:0, instance:com.biostime.sqlManage.SqlTest@2565a3c2]" name="springTestContextAfterTestMethod" is-config="true" duration-ms="1" started-at="2015-12-02T17:05:05Z" finished-at="2015-12-02T17:05:05Z">
          <params>
            <param index="0">
              <value>
                <![CDATA[public void com.biostime.sqlManage.SqlTest.test()]]>
              </value>
            </param>
          </params>
          <reporter-output>
          </reporter-output>
        </test-method> <!-- springTestContextAfterTestMethod -->
        <test-method status="PASS" signature="springTestContextAfterTestClass()[pri:0, instance:com.biostime.sqlManage.SqlTest@2565a3c2]" name="springTestContextAfterTestClass" is-config="true" duration-ms="0" started-at="2015-12-02T17:05:05Z" finished-at="2015-12-02T17:05:05Z">
          <reporter-output>
          </reporter-output>
        </test-method> <!-- springTestContextAfterTestClass -->
      </class> <!-- com.biostime.sqlManage.SqlTest -->
    </test> <!-- Default test -->
  </suite> <!-- Default suite -->
</testng-results>
